Contenido del cuerpo JSON recibido: 

Contenido decodificado: 

Operation: 
Data: 
Contenido del cuerpo JSON recibido: 

Contenido decodificado: 

Operation: 
Data: 
Contenido del cuerpo JSON recibido: 

Contenido decodificado: 

Operation: 
Data: 
Contenido del cuerpo JSON recibido: 

Contenido decodificado: 

Operation: 
Data: 
Contenido del cuerpo JSON recibido: 

Contenido decodificado: 

Operation: 
Data: 
Contenido del cuerpo JSON recibido: 

Contenido decodificado: 

Operation: 
Data: Array
(
)

Contenido del cuerpo JSON recibido: 

Contenido decodificado: 

Operation: 
Data: Array
(
)

Contenido del cuerpo JSON recibido: 

Contenido decodificado: 

Operation: 
Data: Array
(
)

Contenido del cuerpo JSON recibido: 

Contenido decodificado: 

Operation: 
Data: Array
(
)

Contenido del cuerpo JSON recibido: 

Contenido decodificado: 

Operation: 
Data: Array
(
)

Contenido del cuerpo JSON recibido: 

Contenido decodificado: 

Operation: 
Data: Array
(
)

Contenido del cuerpo JSON recibido: 

Contenido decodificado: 

Operation: 
Data: Array
(
)

Contenido del cuerpo JSON recibido: 

Contenido decodificado: 

Operation: 
Data: Array
(
)

Contenido del cuerpo JSON recibido: 

Contenido decodificado: 

Operation: 
Data: Array
(
)

Contenido del cuerpo JSON recibido: 

Contenido decodificado: 

Operation: 
Data: Array
(
)

Contenido del cuerpo JSON recibido: 

Contenido decodificado: 

Operation: 
Data: Array
(
)

Contenido del cuerpo JSON recibido: 

Contenido decodificado: 

Operation: 
Data: Array
(
)

Contenido del cuerpo JSON recibido: 

Contenido decodificado: 

Operation: 
Data: Array
(
)

Contenido del cuerpo JSON recibido: 

Contenido decodificado: 

Operation: 
Data: Array
(
)

Contenido del cuerpo JSON recibido: 

Contenido decodificado: 

Operation: 
Data: Array
(
)

Contenido del cuerpo JSON recibido: 

Contenido decodificado: 

Operation: 
Data: Array
(
)

